
> fantasy-draft-frontend@1.0.0 start
> react-scripts start

(node:66698) [DEP_WEBPACK_DEV_SERVER_ON_AFTER_SETUP_MIDDLEWARE] DeprecationWarning: 'onAfterSetupMiddleware' option is deprecated. Please use the 'setupMiddlewares' option.
(Use `node --trace-deprecation ...` to show where the warning was created)
(node:66698) [DEP_WEBPACK_DEV_SERVER_ON_BEFORE_SETUP_MIDDLEWARE] DeprecationWarning: 'onBeforeSetupMiddleware' option is deprecated. Please use the 'setupMiddlewares' option.
Starting the development server...

Compiled successfully!

You can now view fantasy-draft-frontend in the browser.

  Local:            http://localhost:3000
  On Your Network:  http://192.168.4.84:3000

Note that the development build is not optimized.
To create a production build, use npm run build.

webpack compiled successfully
Compiling...
Compiled successfully!
webpack compiled successfully
Proxy error: Could not proxy request /api/league/1225507080325042176/my-roster?username=edgecdec&draft_id=1225507080341827584&_t=1753656272678 from localhost:3000 to http://localhost:5001.
See https://nodejs.org/api/errors.html#errors_common_system_errors for more information (ECONNRESET).

Proxy error: Could not proxy request /api/league/1225507080325042176/my-roster?username=edgecdec&draft_id=1225507080341827584&_t=1753656272677 from localhost:3000 to http://localhost:5001.
See https://nodejs.org/api/errors.html#errors_common_system_errors for more information (ECONNRESET).

Compiling...
Compiled successfully!
webpack compiled successfully
Compiling...
Compiled successfully!
webpack compiled successfully
Compiling...
Compiled with warnings.

[eslint] 
src/constants/positions.js
  Line 9:3:   'ShieldCheck' is defined but never used  no-unused-vars
  Line 10:3:  'Shuffle' is defined but never used      no-unused-vars
  Line 11:3:  'Repeat' is defined but never used       no-unused-vars

Search for the keywords to learn more about each warning.
To ignore, add // eslint-disable-next-line to the line before.

WARNING in [eslint] 
src/constants/positions.js
  Line 9:3:   'ShieldCheck' is defined but never used  no-unused-vars
  Line 10:3:  'Shuffle' is defined but never used      no-unused-vars
  Line 11:3:  'Repeat' is defined but never used       no-unused-vars

webpack compiled with 1 warning
Compiling...
Compiled successfully!
webpack compiled successfully
Compiling...
Compiled successfully!
webpack compiled successfully
Compiling...
Compiled successfully!
webpack compiled successfully
Compiling...
Compiled successfully!
webpack compiled successfully
Compiling...
Compiled with warnings.

[eslint] 
src/contexts/SettingsContext.jsx
  Line 48:9:  'toggleDebugMode' is assigned a value but never used  no-unused-vars

Search for the keywords to learn more about each warning.
To ignore, add // eslint-disable-next-line to the line before.

WARNING in [eslint] 
src/contexts/SettingsContext.jsx
  Line 48:9:  'toggleDebugMode' is assigned a value but never used  no-unused-vars

webpack compiled with 1 warning
Compiling...
Compiled successfully!
webpack compiled successfully
Compiling...
Compiled with warnings.

[eslint] 
src/components/SettingsModal.jsx
  Line 2:24:  'Monitor' is defined but never used                    no-unused-vars
  Line 2:43:  'Bug' is defined but never used                        no-unused-vars
  Line 7:36:  'theme' is assigned a value but never used             no-unused-vars
  Line 8:56:  'debugModeEnabled' is assigned a value but never used  no-unused-vars
  Line 8:74:  'toggleDebugMode' is assigned a value but never used   no-unused-vars

Search for the keywords to learn more about each warning.
To ignore, add // eslint-disable-next-line to the line before.

WARNING in [eslint] 
src/components/SettingsModal.jsx
  Line 2:24:  'Monitor' is defined but never used                    no-unused-vars
  Line 2:43:  'Bug' is defined but never used                        no-unused-vars
  Line 7:36:  'theme' is assigned a value but never used             no-unused-vars
  Line 8:56:  'debugModeEnabled' is assigned a value but never used  no-unused-vars
  Line 8:74:  'toggleDebugMode' is assigned a value but never used   no-unused-vars

webpack compiled with 1 warning
Compiling...
Compiled with warnings.

[eslint] 
src/components/SettingsModal.jsx
  Line 2:24:  'Monitor' is defined but never used         no-unused-vars
  Line 7:36:  'theme' is assigned a value but never used  no-unused-vars

Search for the keywords to learn more about each warning.
To ignore, add // eslint-disable-next-line to the line before.

WARNING in [eslint] 
src/components/SettingsModal.jsx
  Line 2:24:  'Monitor' is defined but never used         no-unused-vars
  Line 7:36:  'theme' is assigned a value but never used  no-unused-vars

webpack compiled with 1 warning
Compiling...
Compiled with warnings.

[eslint] 
src/components/DebugInfo.jsx
  Line 2:39:  'X' is defined but never used  no-unused-vars

src/components/SettingsModal.jsx
  Line 2:24:  'Monitor' is defined but never used         no-unused-vars
  Line 7:36:  'theme' is assigned a value but never used  no-unused-vars

Search for the keywords to learn more about each warning.
To ignore, add // eslint-disable-next-line to the line before.

WARNING in [eslint] 
src/components/DebugInfo.jsx
  Line 2:39:  'X' is defined but never used  no-unused-vars

src/components/SettingsModal.jsx
  Line 2:24:  'Monitor' is defined but never used         no-unused-vars
  Line 7:36:  'theme' is assigned a value but never used  no-unused-vars

webpack compiled with 1 warning
Compiling...
Compiled with warnings.

[eslint] 
src/components/DebugInfo.jsx
  Line 2:39:  'X' is defined but never used  no-unused-vars

src/components/DraftView.jsx
  Line 15:10:  'useSettings' is defined but never used  no-unused-vars

src/components/SettingsModal.jsx
  Line 2:24:  'Monitor' is defined but never used         no-unused-vars
  Line 7:36:  'theme' is assigned a value but never used  no-unused-vars

Search for the keywords to learn more about each warning.
To ignore, add // eslint-disable-next-line to the line before.

WARNING in [eslint] 
src/components/DebugInfo.jsx
  Line 2:39:  'X' is defined but never used  no-unused-vars

src/components/DraftView.jsx
  Line 15:10:  'useSettings' is defined but never used  no-unused-vars

src/components/SettingsModal.jsx
  Line 2:24:  'Monitor' is defined but never used         no-unused-vars
  Line 7:36:  'theme' is assigned a value but never used  no-unused-vars

webpack compiled with 1 warning
Compiling...
Compiled with warnings.

[eslint] 
src/components/DebugInfo.jsx
  Line 2:39:  'X' is defined but never used  no-unused-vars

src/components/DraftView.jsx
  Line 20:11:  'debugModeEnabled' is assigned a value but never used  no-unused-vars

src/components/SettingsModal.jsx
  Line 2:24:  'Monitor' is defined but never used         no-unused-vars
  Line 7:36:  'theme' is assigned a value but never used  no-unused-vars

Search for the keywords to learn more about each warning.
To ignore, add // eslint-disable-next-line to the line before.

WARNING in [eslint] 
src/components/DebugInfo.jsx
  Line 2:39:  'X' is defined but never used  no-unused-vars

src/components/DraftView.jsx
  Line 20:11:  'debugModeEnabled' is assigned a value but never used  no-unused-vars

src/components/SettingsModal.jsx
  Line 2:24:  'Monitor' is defined but never used         no-unused-vars
  Line 7:36:  'theme' is assigned a value but never used  no-unused-vars

webpack compiled with 1 warning
Compiling...
Compiled with warnings.

[eslint] 
src/components/DebugInfo.jsx
  Line 2:39:  'X' is defined but never used  no-unused-vars

src/components/SettingsModal.jsx
  Line 2:24:  'Monitor' is defined but never used         no-unused-vars
  Line 7:36:  'theme' is assigned a value but never used  no-unused-vars

Search for the keywords to learn more about each warning.
To ignore, add // eslint-disable-next-line to the line before.

WARNING in [eslint] 
src/components/DebugInfo.jsx
  Line 2:39:  'X' is defined but never used  no-unused-vars

src/components/SettingsModal.jsx
  Line 2:24:  'Monitor' is defined but never used         no-unused-vars
  Line 7:36:  'theme' is assigned a value but never used  no-unused-vars

webpack compiled with 1 warning
Compiling...
Compiled with warnings.

[eslint] 
src/components/DebugInfo.jsx
  Line 2:39:  'X' is defined but never used  no-unused-vars

src/components/SettingsModal.jsx
  Line 2:24:  'Monitor' is defined but never used         no-unused-vars
  Line 7:36:  'theme' is assigned a value but never used  no-unused-vars

Search for the keywords to learn more about each warning.
To ignore, add // eslint-disable-next-line to the line before.

WARNING in [eslint] 
src/components/DebugInfo.jsx
  Line 2:39:  'X' is defined but never used  no-unused-vars

src/components/SettingsModal.jsx
  Line 2:24:  'Monitor' is defined but never used         no-unused-vars
  Line 7:36:  'theme' is assigned a value but never used  no-unused-vars

webpack compiled with 1 warning
Proxy error: Could not proxy request /api/draft/refresh?draft_id=1206334507662200832 from localhost:3000 to http://localhost:5001.
See https://nodejs.org/api/errors.html#errors_common_system_errors for more information (ECONNRESET).

Proxy error: Could not proxy request /api/draft/refresh?draft_id=1225507080341827584 from localhost:3000 to http://localhost:5001.
See https://nodejs.org/api/errors.html#errors_common_system_errors for more information (ECONNRESET).

Proxy error: Could not proxy request /api/draft/refresh?draft_id=1225507080341827584 from localhost:3000 to http://localhost:5001.
See https://nodejs.org/api/errors.html#errors_common_system_errors for more information (ECONNRESET).

Proxy error: Could not proxy request /api/draft/refresh?draft_id=1225507080341827584 from localhost:3000 to http://localhost:5001.
See https://nodejs.org/api/errors.html#errors_common_system_errors for more information (ECONNREFUSED).

Proxy error: Could not proxy request /api/draft/refresh?draft_id=1225507080341827584 from localhost:3000 to http://localhost:5001.
See https://nodejs.org/api/errors.html#errors_common_system_errors for more information (ECONNREFUSED).

Proxy error: Could not proxy request /api/draft/refresh?draft_id=1225507080341827584 from localhost:3000 to http://localhost:5001.
See https://nodejs.org/api/errors.html#errors_common_system_errors for more information (ECONNREFUSED).

Proxy error: Could not proxy request /api/draft/refresh?draft_id=1225507080341827584 from localhost:3000 to http://localhost:5001.
See https://nodejs.org/api/errors.html#errors_common_system_errors for more information (ECONNREFUSED).

Proxy error: Could not proxy request /api/draft/refresh?draft_id=1225507080341827584 from localhost:3000 to http://localhost:5001.
See https://nodejs.org/api/errors.html#errors_common_system_errors for more information (ECONNREFUSED).

Proxy error: Could not proxy request /api/draft/refresh?draft_id=1225507080341827584 from localhost:3000 to http://localhost:5001.
See https://nodejs.org/api/errors.html#errors_common_system_errors for more information (ECONNREFUSED).

Proxy error: Could not proxy request /api/draft/refresh?draft_id=1225507080341827584 from localhost:3000 to http://localhost:5001.
See https://nodejs.org/api/errors.html#errors_common_system_errors for more information (ECONNREFUSED).

Proxy error: Could not proxy request /api/draft/refresh?draft_id=1225507080341827584 from localhost:3000 to http://localhost:5001.
See https://nodejs.org/api/errors.html#errors_common_system_errors for more information (ECONNREFUSED).

Proxy error: Could not proxy request /api/draft/refresh?draft_id=1225507080341827584 from localhost:3000 to http://localhost:5001.
See https://nodejs.org/api/errors.html#errors_common_system_errors for more information (ECONNREFUSED).

Proxy error: Could not proxy request /api/draft/refresh?draft_id=1225507080341827584 from localhost:3000 to http://localhost:5001.
See https://nodejs.org/api/errors.html#errors_common_system_errors for more information (ECONNREFUSED).

Proxy error: Could not proxy request /api/draft/refresh?draft_id=1225507080341827584 from localhost:3000 to http://localhost:5001.
See https://nodejs.org/api/errors.html#errors_common_system_errors for more information (ECONNREFUSED).

Proxy error: Could not proxy request /api/draft/refresh?draft_id=1225507080341827584 from localhost:3000 to http://localhost:5001.
See https://nodejs.org/api/errors.html#errors_common_system_errors for more information (ECONNREFUSED).

Proxy error: Could not proxy request /api/draft/refresh?draft_id=1225507080341827584 from localhost:3000 to http://localhost:5001.
See https://nodejs.org/api/errors.html#errors_common_system_errors for more information (ECONNREFUSED).

Proxy error: Could not proxy request /api/draft/refresh?draft_id=1225507080341827584 from localhost:3000 to http://localhost:5001.
See https://nodejs.org/api/errors.html#errors_common_system_errors for more information (ECONNREFUSED).

Proxy error: Could not proxy request /api/draft/status?draft_id=1225507080341827584 from localhost:3000 to http://localhost:5001.
See https://nodejs.org/api/errors.html#errors_common_system_errors for more information (ECONNREFUSED).

Proxy error: Could not proxy request /api/draft/set from localhost:3000 to http://localhost:5001.
See https://nodejs.org/api/errors.html#errors_common_system_errors for more information (ECONNREFUSED).

Proxy error: Could not proxy request /api/user/edgecdec/leagues?season=2025 from localhost:3000 to http://localhost:5001.
See https://nodejs.org/api/errors.html#errors_common_system_errors for more information (ECONNREFUSED).

Proxy error: Could not proxy request /api/draft/set from localhost:3000 to http://localhost:5001.
See https://nodejs.org/api/errors.html#errors_common_system_errors for more information (ECONNREFUSED).

Proxy error: Could not proxy request /api/draft/status?draft_id=1225507080341827584 from localhost:3000 to http://localhost:5001.
See https://nodejs.org/api/errors.html#errors_common_system_errors for more information (ECONNREFUSED).

Proxy error: Could not proxy request /api/user/edgecdec/leagues?season=2025 from localhost:3000 to http://localhost:5001.
See https://nodejs.org/api/errors.html#errors_common_system_errors for more information (ECONNREFUSED).

Proxy error: Could not proxy request /api/draft/status?draft_id=1225507080341827584 from localhost:3000 to http://localhost:5001.
See https://nodejs.org/api/errors.html#errors_common_system_errors for more information (ECONNREFUSED).

Proxy error: Could not proxy request /api/draft/status?draft_id=1225507080341827584 from localhost:3000 to http://localhost:5001.
See https://nodejs.org/api/errors.html#errors_common_system_errors for more information (ECONNREFUSED).

Proxy error: Could not proxy request /api/league/1225507080325042176/my-roster?username=edgecdec&draft_id=1225507080341827584&_t=1753664423787 from localhost:3000 to http://localhost:5001.
See https://nodejs.org/api/errors.html#errors_common_system_errors for more information (ECONNREFUSED).

Proxy error: Could not proxy request /api/league/1225507080325042176/my-roster?username=edgecdec&draft_id=1225507080341827584&_t=1753664423788 from localhost:3000 to http://localhost:5001.
See https://nodejs.org/api/errors.html#errors_common_system_errors for more information (ECONNREFUSED).

Proxy error: Could not proxy request /api/draft/refresh?draft_id=[object+Object] from localhost:3000 to http://localhost:5001.
See https://nodejs.org/api/errors.html#errors_common_system_errors for more information (ECONNREFUSED).

Proxy error: Could not proxy request /api/league/1225507080325042176/my-roster?username=edgecdec&draft_id=1225507080341827584&_t=1753664425671 from localhost:3000 to http://localhost:5001.
See https://nodejs.org/api/errors.html#errors_common_system_errors for more information (ECONNREFUSED).

Proxy error: Could not proxy request /api/league/1225507080325042176/my-roster?username=edgecdec&draft_id=1225507080341827584&_t=1753664425671 from localhost:3000 to http://localhost:5001.
See https://nodejs.org/api/errors.html#errors_common_system_errors for more information (ECONNREFUSED).

Proxy error: Could not proxy request /api/draft/refresh?draft_id=[object+Object] from localhost:3000 to http://localhost:5001.
See https://nodejs.org/api/errors.html#errors_common_system_errors for more information (ECONNREFUSED).

Proxy error: Could not proxy request /api/league/1225507080325042176/my-roster?username=edgecdec&draft_id=1225507080341827584&_t=1753664426561 from localhost:3000 to http://localhost:5001.
See https://nodejs.org/api/errors.html#errors_common_system_errors for more information (ECONNREFUSED).

Proxy error: Could not proxy request /api/league/1225507080325042176/my-roster?username=edgecdec&draft_id=1225507080341827584&_t=1753664426561 from localhost:3000 to http://localhost:5001.
See https://nodejs.org/api/errors.html#errors_common_system_errors for more information (ECONNREFUSED).

Proxy error: Could not proxy request /api/draft/refresh?draft_id=[object+Object] from localhost:3000 to http://localhost:5001.
See https://nodejs.org/api/errors.html#errors_common_system_errors for more information (ECONNREFUSED).

Proxy error: Could not proxy request /api/league/1225507080325042176/my-roster?username=edgecdec&draft_id=1225507080341827584&_t=1753664427359 from localhost:3000 to http://localhost:5001.
See https://nodejs.org/api/errors.html#errors_common_system_errors for more information (ECONNREFUSED).

Proxy error: Could not proxy request /api/league/1225507080325042176/my-roster?username=edgecdec&draft_id=1225507080341827584&_t=1753664427360 from localhost:3000 to http://localhost:5001.
See https://nodejs.org/api/errors.html#errors_common_system_errors for more information (ECONNREFUSED).

Proxy error: Could not proxy request /api/draft/status?draft_id=1225507080341827584 from localhost:3000 to http://localhost:5001.
See https://nodejs.org/api/errors.html#errors_common_system_errors for more information (ECONNREFUSED).

Proxy error: Could not proxy request /api/user/edgecdec/leagues?season=2025 from localhost:3000 to http://localhost:5001.
See https://nodejs.org/api/errors.html#errors_common_system_errors for more information (ECONNREFUSED).

Proxy error: Could not proxy request /api/draft/set from localhost:3000 to http://localhost:5001.
See https://nodejs.org/api/errors.html#errors_common_system_errors for more information (ECONNREFUSED).

Proxy error: Could not proxy request /api/draft/set from localhost:3000 to http://localhost:5001.
See https://nodejs.org/api/errors.html#errors_common_system_errors for more information (ECONNREFUSED).

Proxy error: Could not proxy request /api/draft/status?draft_id=1225507080341827584 from localhost:3000 to http://localhost:5001.
See https://nodejs.org/api/errors.html#errors_common_system_errors for more information (ECONNREFUSED).

Proxy error: Could not proxy request /api/user/edgecdec/leagues?season=2025 from localhost:3000 to http://localhost:5001.
See https://nodejs.org/api/errors.html#errors_common_system_errors for more information (ECONNREFUSED).

Proxy error: Could not proxy request /api/draft/status?draft_id=1225507080341827584 from localhost:3000 to http://localhost:5001.
See https://nodejs.org/api/errors.html#errors_common_system_errors for more information (ECONNREFUSED).

Proxy error: Could not proxy request /api/draft/status?draft_id=1225507080341827584 from localhost:3000 to http://localhost:5001.
See https://nodejs.org/api/errors.html#errors_common_system_errors for more information (ECONNREFUSED).

Proxy error: Could not proxy request /api/league/1225507080325042176/my-roster?username=edgecdec&draft_id=1225507080341827584&_t=1753664440831 from localhost:3000 to http://localhost:5001.
See https://nodejs.org/api/errors.html#errors_common_system_errors for more information (ECONNREFUSED).

Proxy error: Could not proxy request /api/league/1225507080325042176/my-roster?username=edgecdec&draft_id=1225507080341827584&_t=1753664440834 from localhost:3000 to http://localhost:5001.
See https://nodejs.org/api/errors.html#errors_common_system_errors for more information (ECONNREFUSED).

Proxy error: Could not proxy request /api/draft/status?draft_id=1225507080341827584 from localhost:3000 to http://localhost:5001.
See https://nodejs.org/api/errors.html#errors_common_system_errors for more information (ECONNREFUSED).

Proxy error: Could not proxy request /api/user/edgecdec/leagues?season=2025 from localhost:3000 to http://localhost:5001.
See https://nodejs.org/api/errors.html#errors_common_system_errors for more information (ECONNREFUSED).

Proxy error: Could not proxy request /api/draft/set from localhost:3000 to http://localhost:5001.
See https://nodejs.org/api/errors.html#errors_common_system_errors for more information (ECONNREFUSED).

Proxy error: Could not proxy request /api/draft/set from localhost:3000 to http://localhost:5001.
See https://nodejs.org/api/errors.html#errors_common_system_errors for more information (ECONNREFUSED).

Proxy error: Could not proxy request /api/draft/status?draft_id=1225507080341827584 from localhost:3000 to http://localhost:5001.
See https://nodejs.org/api/errors.html#errors_common_system_errors for more information (ECONNREFUSED).

Proxy error: Could not proxy request /api/user/edgecdec/leagues?season=2025 from localhost:3000 to http://localhost:5001.
See https://nodejs.org/api/errors.html#errors_common_system_errors for more information (ECONNREFUSED).

Proxy error: Could not proxy request /api/draft/status?draft_id=1225507080341827584 from localhost:3000 to http://localhost:5001.
See https://nodejs.org/api/errors.html#errors_common_system_errors for more information (ECONNREFUSED).

Proxy error: Could not proxy request /api/draft/status?draft_id=1225507080341827584 from localhost:3000 to http://localhost:5001.
See https://nodejs.org/api/errors.html#errors_common_system_errors for more information (ECONNREFUSED).

Proxy error: Could not proxy request /api/league/1225507080325042176/my-roster?username=edgecdec&draft_id=1225507080341827584&_t=1753664447737 from localhost:3000 to http://localhost:5001.
See https://nodejs.org/api/errors.html#errors_common_system_errors for more information (ECONNREFUSED).

Proxy error: Could not proxy request /api/league/1225507080325042176/my-roster?username=edgecdec&draft_id=1225507080341827584&_t=1753664447740 from localhost:3000 to http://localhost:5001.
See https://nodejs.org/api/errors.html#errors_common_system_errors for more information (ECONNREFUSED).

Proxy error: Could not proxy request /api/draft/status?draft_id=1225507080341827584 from localhost:3000 to http://localhost:5001.
See https://nodejs.org/api/errors.html#errors_common_system_errors for more information (ECONNREFUSED).

Proxy error: Could not proxy request /api/user/edgecdec/leagues?season=2025 from localhost:3000 to http://localhost:5001.
See https://nodejs.org/api/errors.html#errors_common_system_errors for more information (ECONNREFUSED).

Proxy error: Could not proxy request /api/draft/set from localhost:3000 to http://localhost:5001.
See https://nodejs.org/api/errors.html#errors_common_system_errors for more information (ECONNREFUSED).

Proxy error: Could not proxy request /api/draft/set from localhost:3000 to http://localhost:5001.
See https://nodejs.org/api/errors.html#errors_common_system_errors for more information (ECONNREFUSED).

Proxy error: Could not proxy request /api/draft/status?draft_id=1225507080341827584 from localhost:3000 to http://localhost:5001.
See https://nodejs.org/api/errors.html#errors_common_system_errors for more information (ECONNREFUSED).

Proxy error: Could not proxy request /api/user/edgecdec/leagues?season=2025 from localhost:3000 to http://localhost:5001.
See https://nodejs.org/api/errors.html#errors_common_system_errors for more information (ECONNREFUSED).

Proxy error: Could not proxy request /api/draft/status?draft_id=1225507080341827584 from localhost:3000 to http://localhost:5001.
See https://nodejs.org/api/errors.html#errors_common_system_errors for more information (ECONNREFUSED).

Proxy error: Could not proxy request /api/draft/status?draft_id=1225507080341827584 from localhost:3000 to http://localhost:5001.
See https://nodejs.org/api/errors.html#errors_common_system_errors for more information (ECONNREFUSED).

Proxy error: Could not proxy request /api/draft/status?draft_id=1225507080341827584 from localhost:3000 to http://localhost:5001.
See https://nodejs.org/api/errors.html#errors_common_system_errors for more information (ECONNREFUSED).

Proxy error: Could not proxy request /api/user/edgecdec/leagues?season=2025 from localhost:3000 to http://localhost:5001.
See https://nodejs.org/api/errors.html#errors_common_system_errors for more information (ECONNREFUSED).

Proxy error: Could not proxy request /api/draft/set from localhost:3000 to http://localhost:5001.
See https://nodejs.org/api/errors.html#errors_common_system_errors for more information (ECONNREFUSED).

Proxy error: Could not proxy request /api/draft/set from localhost:3000 to http://localhost:5001.
See https://nodejs.org/api/errors.html#errors_common_system_errors for more information (ECONNREFUSED).

Proxy error: Could not proxy request /api/draft/status?draft_id=1225507080341827584 from localhost:3000 to http://localhost:5001.
See https://nodejs.org/api/errors.html#errors_common_system_errors for more information (ECONNREFUSED).

Proxy error: Could not proxy request /api/user/edgecdec/leagues?season=2025 from localhost:3000 to http://localhost:5001.
See https://nodejs.org/api/errors.html#errors_common_system_errors for more information (ECONNREFUSED).

Proxy error: Could not proxy request /api/draft/status?draft_id=1225507080341827584 from localhost:3000 to http://localhost:5001.
See https://nodejs.org/api/errors.html#errors_common_system_errors for more information (ECONNREFUSED).

Proxy error: Could not proxy request /api/draft/status?draft_id=1225507080341827584 from localhost:3000 to http://localhost:5001.
See https://nodejs.org/api/errors.html#errors_common_system_errors for more information (ECONNREFUSED).

Proxy error: Could not proxy request /api/league/1225507080325042176/my-roster?username=edgecdec&draft_id=1225507080341827584&_t=1753664450660 from localhost:3000 to http://localhost:5001.
See https://nodejs.org/api/errors.html#errors_common_system_errors for more information (ECONNREFUSED).

Proxy error: Could not proxy request /api/league/1225507080325042176/my-roster?username=edgecdec&draft_id=1225507080341827584&_t=1753664450659 from localhost:3000 to http://localhost:5001.
See https://nodejs.org/api/errors.html#errors_common_system_errors for more information (ECONNREFUSED).

Proxy error: Could not proxy request /api/draft/status?draft_id=1225507080341827584 from localhost:3000 to http://localhost:5001.
See https://nodejs.org/api/errors.html#errors_common_system_errors for more information (ECONNREFUSED).

Proxy error: Could not proxy request /api/user/edgecdec/leagues?season=2025 from localhost:3000 to http://localhost:5001.
See https://nodejs.org/api/errors.html#errors_common_system_errors for more information (ECONNREFUSED).

Proxy error: Could not proxy request /api/draft/set from localhost:3000 to http://localhost:5001.
See https://nodejs.org/api/errors.html#errors_common_system_errors for more information (ECONNREFUSED).

Proxy error: Could not proxy request /api/draft/set from localhost:3000 to http://localhost:5001.
See https://nodejs.org/api/errors.html#errors_common_system_errors for more information (ECONNREFUSED).

Proxy error: Could not proxy request /api/draft/status?draft_id=1225507080341827584 from localhost:3000 to http://localhost:5001.
See https://nodejs.org/api/errors.html#errors_common_system_errors for more information (ECONNREFUSED).

Proxy error: Could not proxy request /api/user/edgecdec/leagues?season=2025 from localhost:3000 to http://localhost:5001.
See https://nodejs.org/api/errors.html#errors_common_system_errors for more information (ECONNREFUSED).

Proxy error: Could not proxy request /api/draft/status?draft_id=1225507080341827584 from localhost:3000 to http://localhost:5001.
See https://nodejs.org/api/errors.html#errors_common_system_errors for more information (ECONNREFUSED).

Proxy error: Could not proxy request /api/league/1225507080325042176/my-roster?username=edgecdec&draft_id=1225507080341827584&_t=1753664451809 from localhost:3000 to http://localhost:5001.
See https://nodejs.org/api/errors.html#errors_common_system_errors for more information (ECONNREFUSED).

Proxy error: Could not proxy request /api/league/1225507080325042176/my-roster?username=edgecdec&draft_id=1225507080341827584&_t=1753664451810 from localhost:3000 to http://localhost:5001.
See https://nodejs.org/api/errors.html#errors_common_system_errors for more information (ECONNREFUSED).

Proxy error: Could not proxy request /api/draft/status?draft_id=1225507080341827584 from localhost:3000 to http://localhost:5001.
See https://nodejs.org/api/errors.html#errors_common_system_errors for more information (ECONNREFUSED).

Proxy error: Could not proxy request /api/draft/status?draft_id=1225507080341827584 from localhost:3000 to http://localhost:5001.
See https://nodejs.org/api/errors.html#errors_common_system_errors for more information (ECONNREFUSED).

Proxy error: Could not proxy request /api/user/edgecdec/leagues?season=2025 from localhost:3000 to http://localhost:5001.
See https://nodejs.org/api/errors.html#errors_common_system_errors for more information (ECONNREFUSED).

Proxy error: Could not proxy request /api/draft/set from localhost:3000 to http://localhost:5001.
See https://nodejs.org/api/errors.html#errors_common_system_errors for more information (ECONNREFUSED).

Proxy error: Could not proxy request /api/draft/set from localhost:3000 to http://localhost:5001.
See https://nodejs.org/api/errors.html#errors_common_system_errors for more information (ECONNREFUSED).

Proxy error: Could not proxy request /api/draft/status?draft_id=1225507080341827584 from localhost:3000 to http://localhost:5001.
See https://nodejs.org/api/errors.html#errors_common_system_errors for more information (ECONNREFUSED).

Proxy error: Could not proxy request /api/user/edgecdec/leagues?season=2025 from localhost:3000 to http://localhost:5001.
See https://nodejs.org/api/errors.html#errors_common_system_errors for more information (ECONNREFUSED).

Proxy error: Could not proxy request /api/draft/status?draft_id=1225507080341827584 from localhost:3000 to http://localhost:5001.
See https://nodejs.org/api/errors.html#errors_common_system_errors for more information (ECONNREFUSED).

Proxy error: Could not proxy request /api/league/1225507080325042176/my-roster?username=edgecdec&draft_id=1225507080341827584&_t=1753664452777 from localhost:3000 to http://localhost:5001.
See https://nodejs.org/api/errors.html#errors_common_system_errors for more information (ECONNREFUSED).

Proxy error: Could not proxy request /api/league/1225507080325042176/my-roster?username=edgecdec&draft_id=1225507080341827584&_t=1753664452778 from localhost:3000 to http://localhost:5001.
See https://nodejs.org/api/errors.html#errors_common_system_errors for more information (ECONNREFUSED).

Proxy error: Could not proxy request /api/draft/status?draft_id=1225507080341827584 from localhost:3000 to http://localhost:5001.
See https://nodejs.org/api/errors.html#errors_common_system_errors for more information (ECONNREFUSED).

Proxy error: Could not proxy request /api/draft/status?draft_id=1225507080341827584 from localhost:3000 to http://localhost:5001.
See https://nodejs.org/api/errors.html#errors_common_system_errors for more information (ECONNREFUSED).

Proxy error: Could not proxy request /api/user/edgecdec/leagues?season=2025 from localhost:3000 to http://localhost:5001.
See https://nodejs.org/api/errors.html#errors_common_system_errors for more information (ECONNREFUSED).

Proxy error: Could not proxy request /api/draft/set from localhost:3000 to http://localhost:5001.
See https://nodejs.org/api/errors.html#errors_common_system_errors for more information (ECONNREFUSED).

Proxy error: Could not proxy request /api/draft/set from localhost:3000 to http://localhost:5001.
See https://nodejs.org/api/errors.html#errors_common_system_errors for more information (ECONNREFUSED).

Proxy error: Could not proxy request /api/draft/status?draft_id=1225507080341827584 from localhost:3000 to http://localhost:5001.
See https://nodejs.org/api/errors.html#errors_common_system_errors for more information (ECONNREFUSED).

Proxy error: Could not proxy request /api/user/edgecdec/leagues?season=2025 from localhost:3000 to http://localhost:5001.
See https://nodejs.org/api/errors.html#errors_common_system_errors for more information (ECONNREFUSED).

Proxy error: Could not proxy request /api/draft/status?draft_id=1225507080341827584 from localhost:3000 to http://localhost:5001.
See https://nodejs.org/api/errors.html#errors_common_system_errors for more information (ECONNREFUSED).

Proxy error: Could not proxy request /api/draft/status?draft_id=1225507080341827584 from localhost:3000 to http://localhost:5001.
See https://nodejs.org/api/errors.html#errors_common_system_errors for more information (ECONNREFUSED).

Proxy error: Could not proxy request /api/league/1225507080325042176/my-roster?username=edgecdec&draft_id=1225507080341827584&_t=1753664453803 from localhost:3000 to http://localhost:5001.
See https://nodejs.org/api/errors.html#errors_common_system_errors for more information (ECONNREFUSED).

Proxy error: Could not proxy request /api/league/1225507080325042176/my-roster?username=edgecdec&draft_id=1225507080341827584&_t=1753664453804 from localhost:3000 to http://localhost:5001.
See https://nodejs.org/api/errors.html#errors_common_system_errors for more information (ECONNREFUSED).

Proxy error: Could not proxy request /api/draft/refresh?draft_id=1225507080341827584 from localhost:3000 to http://localhost:5001.
See https://nodejs.org/api/errors.html#errors_common_system_errors for more information (ECONNREFUSED).

Proxy error: Could not proxy request /api/league/1225507080325042176/my-roster?username=edgecdec&draft_id=1225507080341827584&_t=1753664483785 from localhost:3000 to http://localhost:5001.
See https://nodejs.org/api/errors.html#errors_common_system_errors for more information (ECONNREFUSED).

Proxy error: Could not proxy request /api/league/1225507080325042176/my-roster?username=edgecdec&draft_id=1225507080341827584&_t=1753664483784 from localhost:3000 to http://localhost:5001.
See https://nodejs.org/api/errors.html#errors_common_system_errors for more information (ECONNREFUSED).

Proxy error: Could not proxy request /api/draft/refresh?draft_id=1225507080341827584 from localhost:3000 to http://localhost:5001.
See https://nodejs.org/api/errors.html#errors_common_system_errors for more information (ECONNREFUSED).

Proxy error: Could not proxy request /api/league/1225507080325042176/my-roster?username=edgecdec&draft_id=1225507080341827584&_t=1753664513787 from localhost:3000 to http://localhost:5001.
See https://nodejs.org/api/errors.html#errors_common_system_errors for more information (ECONNREFUSED).

Proxy error: Could not proxy request /api/league/1225507080325042176/my-roster?username=edgecdec&draft_id=1225507080341827584&_t=1753664513787 from localhost:3000 to http://localhost:5001.
See https://nodejs.org/api/errors.html#errors_common_system_errors for more information (ECONNREFUSED).

Proxy error: Could not proxy request /api/draft/refresh?draft_id=1225507080341827584 from localhost:3000 to http://localhost:5001.
See https://nodejs.org/api/errors.html#errors_common_system_errors for more information (ECONNREFUSED).

Proxy error: Could not proxy request /api/league/1225507080325042176/my-roster?username=edgecdec&draft_id=1225507080341827584&_t=1753664543806 from localhost:3000 to http://localhost:5001.
See https://nodejs.org/api/errors.html#errors_common_system_errors for more information (ECONNREFUSED).

Proxy error: Could not proxy request /api/league/1225507080325042176/my-roster?username=edgecdec&draft_id=1225507080341827584&_t=1753664543804 from localhost:3000 to http://localhost:5001.
See https://nodejs.org/api/errors.html#errors_common_system_errors for more information (ECONNREFUSED).

Proxy error: Could not proxy request /api/draft/refresh?draft_id=1225507080341827584 from localhost:3000 to http://localhost:5001.
See https://nodejs.org/api/errors.html#errors_common_system_errors for more information (ECONNREFUSED).

Proxy error: Could not proxy request /api/league/1225507080325042176/my-roster?username=edgecdec&draft_id=1225507080341827584&_t=1753664573796 from localhost:3000 to http://localhost:5001.
See https://nodejs.org/api/errors.html#errors_common_system_errors for more information (ECONNREFUSED).

Proxy error: Could not proxy request /api/league/1225507080325042176/my-roster?username=edgecdec&draft_id=1225507080341827584&_t=1753664573797 from localhost:3000 to http://localhost:5001.
See https://nodejs.org/api/errors.html#errors_common_system_errors for more information (ECONNREFUSED).

Proxy error: Could not proxy request /api/draft/refresh?draft_id=1225507080341827584 from localhost:3000 to http://localhost:5001.
See https://nodejs.org/api/errors.html#errors_common_system_errors for more information (ECONNREFUSED).

Proxy error: Could not proxy request /api/league/1225507080325042176/my-roster?username=edgecdec&draft_id=1225507080341827584&_t=1753664603779 from localhost:3000 to http://localhost:5001.
See https://nodejs.org/api/errors.html#errors_common_system_errors for more information (ECONNREFUSED).

Proxy error: Could not proxy request /api/league/1225507080325042176/my-roster?username=edgecdec&draft_id=1225507080341827584&_t=1753664603779 from localhost:3000 to http://localhost:5001.
See https://nodejs.org/api/errors.html#errors_common_system_errors for more information (ECONNREFUSED).

Proxy error: Could not proxy request /api/draft/refresh?draft_id=[object+Object] from localhost:3000 to http://localhost:5001.
See https://nodejs.org/api/errors.html#errors_common_system_errors for more information (ECONNREFUSED).

Proxy error: Could not proxy request /api/league/1225507080325042176/my-roster?username=edgecdec&draft_id=1225507080341827584&_t=1753664627473 from localhost:3000 to http://localhost:5001.
See https://nodejs.org/api/errors.html#errors_common_system_errors for more information (ECONNREFUSED).

Proxy error: Could not proxy request /api/league/1225507080325042176/my-roster?username=edgecdec&draft_id=1225507080341827584&_t=1753664627473 from localhost:3000 to http://localhost:5001.
See https://nodejs.org/api/errors.html#errors_common_system_errors for more information (ECONNREFUSED).

